2018-05-14 18:18:26,020 [      0]   INFO -        #com.intellij.idea.Main - ------------------------------------------------------ IDE STARTED ------------------------------------------------------ 
2018-05-14 18:18:26,033 [     13]   INFO -     #com.intellij.util.ui.JBUI - User scale factor: 1.0 
2018-05-14 18:18:26,034 [     14]   INFO -     #com.intellij.util.ui.JBUI - System scale factor: 2.0 (JRE-managed HiDPI) 
2018-05-14 18:18:26,039 [     19]   INFO -        #com.intellij.idea.Main - IDE: IntelliJ IDEA (build #IC-173.4548.28, 29 Jan 2018 23:26) 
2018-05-14 18:18:26,040 [     20]   INFO -        #com.intellij.idea.Main - OS: Mac OS X (10.12.6, x86_64) 
2018-05-14 18:18:26,040 [     20]   INFO -        #com.intellij.idea.Main - JRE: 1.8.0_152-release-1024-b11 (JetBrains s.r.o) 
2018-05-14 18:18:26,040 [     20]   INFO -        #com.intellij.idea.Main - JVM: 25.152-b11 (OpenJDK 64-Bit Server VM) 
2018-05-14 18:18:26,048 [     28]   INFO -        #com.intellij.idea.Main - JVM Args: -Dapple.laf.useScreenMenuBar=true -Didea.classpath.index.enabled=false -Didea.config.path=/Users/user/dev/codeclan/w06/d1/SimpleClasses/build/idea-sandbox/config -Didea.is.internal=true -Didea.platform.prefix=Idea -Didea.plugins.path=/Users/user/dev/codeclan/w06/d1/SimpleClasses/build/idea-sandbox/plugins -Didea.required.plugins.id=com.colin.homework1.SimpleClasses -Didea.smooth.progress=false -Didea.system.path=/Users/user/dev/codeclan/w06/d1/SimpleClasses/build/idea-sandbox/system -Xbootclasspath/a:/Users/user/.gradle/caches/modules-2/files-2.1/com.jetbrains.intellij.idea/ideaIC/2017.3.4/9f9a05f798720d7da2e3b3af8983552a840ed5d4/ideaIC-2017.3.4/lib/boot.jar -XX:MaxPermSize=250m -Xms256m -Xmx512m -Dfile.encoding=UTF-8 -Duser.country=GB -Duser.language=en -Duser.variant -ea 
2018-05-14 18:18:26,049 [     29]   INFO -        #com.intellij.idea.Main - ForkJoinPool.commonPool: java.util.concurrent.ForkJoinPool@60ac736f[Running, parallelism = 3, size = 0, active = 0, running = 0, steals = 0, tasks = 0, submissions = 0] 
2018-05-14 18:18:26,050 [     30]   INFO -        #com.intellij.idea.Main - ext: /Users/user/.gradle/caches/modules-2/files-2.1/com.jetbrains/jbre/jbrex8u152b1024.11_osx_x64/jdk/Contents/Home/jre/lib/ext: [cldrdata.jar, dnsns.jar, jaccess.jar, jfxrt.jar, localedata.jar, meta-index, nashorn.jar, sunec.jar, sunjce_provider.jar, sunpkcs11.jar, zipfs.jar] 
2018-05-14 18:18:26,050 [     30]   INFO -        #com.intellij.idea.Main - ext: /System/Library/Java/Extensions: [MRJToolkit.jar] 
2018-05-14 18:18:26,050 [     30]   INFO -        #com.intellij.idea.Main - JNU charset: UTF-8 
2018-05-14 18:18:26,072 [     52]   INFO -        #com.intellij.idea.Main - JNA library (64-bit) loaded in 22 ms 
2018-05-14 18:18:26,091 [     71]   INFO -        #com.intellij.idea.Main - initializing environment 
2018-05-14 18:18:26,092 [     72]   INFO - .intellij.util.EnvironmentUtil - loading shell env: /bin/zsh -l -i -c '/Users/user/.gradle/caches/modules-2/files-2.1/com.jetbrains.intellij.idea/ideaIC/2017.3.4/9f9a05f798720d7da2e3b3af8983552a840ed5d4/ideaIC-2017.3.4/bin/printenv.py' '/private/var/folders/f1/qfr4chfx1b9_lmb589gc75s40000gn/T/intellij-shell-env.tmp' 
2018-05-14 18:18:26,512 [    492]   INFO - .intellij.util.EnvironmentUtil - shell environment loaded (22 vars) 
2018-05-14 18:18:29,024 [   3004]   INFO - llij.ide.plugins.PluginManager - Cannot find optional descriptor duplicates-groovy.xml 
2018-05-14 18:18:30,175 [   4155]   INFO - llij.ide.plugins.PluginManager - 34 plugins initialized in 1842 ms 
2018-05-14 18:18:30,180 [   4160]   INFO - llij.ide.plugins.PluginManager - Loaded bundled plugins: Android Support (10.2.3), Ant Support (1.0), Bytecode Viewer (0.1), CVS Integration (11), Copyright (8.1), Coverage (173.4548.28), Eclipse Integration (3.0), EditorConfig (173.4548.28), Git Integration (8.1), GitHub (173.4548.28), Gradle (173.4548.28), Groovy (9.0), I18n for Java (173.4548.28), IDEA CORE (173.4548.28), IntelliLang (8.0), JUnit (1.0), Java Bytecode Decompiler (173.4548.28), Java Stream Debugger (173.4548.28), JavaFX (1.0), Kotlin (1.2.10-release-IJ2017.3-1), Maven Integration (173.4548.28), Mercurial Integration (10.0), Plugin DevKit (1.0), Properties Support (173.4548.28), Settings Repository (173.4548.28), Subversion Integration (1.1), Task Management (1.0), Terminal (0.1), TestNG-J (8.0), UI Designer (173.4548.28), XPathView + XSLT Support (4), XSLT-Debugger (1.4), YAML (173.4548.28) 
2018-05-14 18:18:30,180 [   4160]   INFO - llij.ide.plugins.PluginManager - Loaded custom plugins: Plugin display name here (1.0-SNAPSHOT) 
2018-05-14 18:18:33,374 [   7354]   INFO - ellij.vfs.persistent.FSRecords - Marking VFS as corrupted: '/Users/user/dev/codeclan/w06/d1/SimpleClasses/build/idea-sandbox/system/caches/names.dat' does not exist 
2018-05-14 18:18:33,378 [   7358]   INFO - ellij.util.io.PagedFileStorage - lower=100; upper=435; buffer=10; max=435 
2018-05-14 18:18:33,466 [   7446]   INFO - pl.local.NativeFileWatcherImpl - Starting file watcher: /Users/user/.gradle/caches/modules-2/files-2.1/com.jetbrains.intellij.idea/ideaIC/2017.3.4/9f9a05f798720d7da2e3b3af8983552a840ed5d4/ideaIC-2017.3.4/bin/mac/fsnotifier 
2018-05-14 18:18:33,519 [   7499]   INFO - pl.local.NativeFileWatcherImpl - Native file watcher is operational. 
2018-05-14 18:18:35,703 [   9683]   INFO - .history.utils.LocalHistoryLog - local history version mismatch (was: 0, expected: 6), rebuilding... 
2018-05-14 18:18:35,703 [   9683]   INFO - .history.utils.LocalHistoryLog - FS has been rebuild, rebuilding local history... 
2018-05-14 18:18:36,316 [  10296]   INFO - .openapi.application.Preloader - Finished preloading com.intellij.ide.ui.OptionsTopHitProvider$Activity@5b1d2e94 
2018-05-14 18:18:36,668 [  10648]   INFO - til.net.ssl.CertificateManager - Default SSL context initialized 
2018-05-14 18:18:36,895 [  10875]   INFO - rains.ide.BuiltInServerManager - built-in server started, port 63343 
2018-05-14 18:18:37,068 [  11048]   INFO - gs.impl.UpdateCheckerComponent - channel: release 
2018-05-14 18:18:37,726 [  11706]   INFO - il.indexing.FileBasedIndexImpl - Index exts enumerated:446 
2018-05-14 18:18:37,735 [  11715]   INFO - il.indexing.FileBasedIndexImpl - Index scheduled:8 
2018-05-14 18:18:37,887 [  11867]   INFO - tellij.psi.stubs.StubIndexImpl - All stub exts enumerated:145 
2018-05-14 18:18:37,891 [  11871]   INFO - tellij.psi.stubs.StubIndexImpl - stub exts update scheduled:3 
2018-05-14 18:18:38,755 [  12735]   INFO - ij.psi.stubs.StubUpdatingIndex - Following new file types will be indexed:Kotlin,Properties,KJSM,Groovy,JAVA,CLASS,kotlin_builtins,HTML,XML 
2018-05-14 18:18:38,983 [  12963]   INFO - il.indexing.FileBasedIndexImpl - Rebuild requested for index org.jetbrains.kotlin.idea.versions.KotlinJvmMetadataVersionIndex 
java.lang.Throwable
	at com.intellij.util.indexing.FileBasedIndex.requestRebuild(FileBasedIndex.java:68)
	at org.jetbrains.kotlin.idea.versions.KotlinUpdatePluginComponent.initComponent(KotlinUpdatePluginComponent.kt:54)
	at com.intellij.openapi.components.impl.ComponentManagerImpl$ComponentConfigComponentAdapter.getComponentInstance(ComponentManagerImpl.java:497)
	at com.intellij.openapi.components.impl.ComponentManagerImpl.createComponents(ComponentManagerImpl.java:119)
	at com.intellij.openapi.application.impl.ApplicationImpl.lambda$createComponents$9(ApplicationImpl.java:447)
	at com.intellij.openapi.progress.impl.CoreProgressManager.lambda$runProcess$1(CoreProgressManager.java:157)
	at com.intellij.openapi.progress.impl.CoreProgressManager.registerIndicatorAndRun(CoreProgressManager.java:543)
	at com.intellij.openapi.progress.impl.CoreProgressManager.executeProcessUnderProgress(CoreProgressManager.java:488)
	at com.intellij.openapi.progress.impl.ProgressManagerImpl.executeProcessUnderProgress(ProgressManagerImpl.java:94)
	at com.intellij.openapi.progress.impl.CoreProgressManager.runProcess(CoreProgressManager.java:144)
	at com.intellij.openapi.application.impl.ApplicationImpl.createComponents(ApplicationImpl.java:454)
	at com.intellij.openapi.components.impl.ComponentManagerImpl.init(ComponentManagerImpl.java:103)
	at com.intellij.openapi.application.impl.ApplicationImpl.load(ApplicationImpl.java:406)
	at com.intellij.openapi.application.impl.ApplicationImpl.load(ApplicationImpl.java:392)
	at com.intellij.idea.IdeaApplication.run(IdeaApplication.java:203)
	at com.intellij.idea.MainImpl$1.lambda$null$0(MainImpl.java:49)
	at java.awt.event.InvocationEvent.dispatch(InvocationEvent.java:311)
	at java.awt.EventQueue.dispatchEventImpl(EventQueue.java:762)
	at java.awt.EventQueue.access$500(EventQueue.java:98)
	at java.awt.EventQueue$3.run(EventQueue.java:715)
	at java.awt.EventQueue$3.run(EventQueue.java:709)
	at java.security.AccessController.doPrivileged(Native Method)
	at java.security.ProtectionDomain$JavaSecurityAccessImpl.doIntersectionPrivilege(ProtectionDomain.java:80)
	at java.awt.EventQueue.dispatchEvent(EventQueue.java:732)
	at com.intellij.ide.IdeEventQueue.dispatchEvent(IdeEventQueue.java:346)
	at java.awt.EventDispatchThread.pumpOneEventForFilters(EventDispatchThread.java:201)
	at java.awt.EventDispatchThread.pumpEventsForFilter(EventDispatchThread.java:116)
	at java.awt.EventDispatchThread.pumpEventsForHierarchy(EventDispatchThread.java:105)
	at java.awt.EventDispatchThread.pumpEvents(EventDispatchThread.java:101)
	at java.awt.EventDispatchThread.pumpEvents(EventDispatchThread.java:93)
	at java.awt.EventDispatchThread.run(EventDispatchThread.java:82)
2018-05-14 18:18:38,989 [  12969]   INFO - il.indexing.FileBasedIndexImpl - Rebuild requested for index org.jetbrains.kotlin.idea.versions.KotlinJsMetadataVersionIndex 
java.lang.Throwable
	at com.intellij.util.indexing.FileBasedIndex.requestRebuild(FileBasedIndex.java:68)
	at org.jetbrains.kotlin.idea.versions.KotlinUpdatePluginComponent.initComponent(KotlinUpdatePluginComponent.kt:55)
	at com.intellij.openapi.components.impl.ComponentManagerImpl$ComponentConfigComponentAdapter.getComponentInstance(ComponentManagerImpl.java:497)
	at com.intellij.openapi.components.impl.ComponentManagerImpl.createComponents(ComponentManagerImpl.java:119)
	at com.intellij.openapi.application.impl.ApplicationImpl.lambda$createComponents$9(ApplicationImpl.java:447)
	at com.intellij.openapi.progress.impl.CoreProgressManager.lambda$runProcess$1(CoreProgressManager.java:157)
	at com.intellij.openapi.progress.impl.CoreProgressManager.registerIndicatorAndRun(CoreProgressManager.java:543)
	at com.intellij.openapi.progress.impl.CoreProgressManager.executeProcessUnderProgress(CoreProgressManager.java:488)
	at com.intellij.openapi.progress.impl.ProgressManagerImpl.executeProcessUnderProgress(ProgressManagerImpl.java:94)
	at com.intellij.openapi.progress.impl.CoreProgressManager.runProcess(CoreProgressManager.java:144)
	at com.intellij.openapi.application.impl.ApplicationImpl.createComponents(ApplicationImpl.java:454)
	at com.intellij.openapi.components.impl.ComponentManagerImpl.init(ComponentManagerImpl.java:103)
	at com.intellij.openapi.application.impl.ApplicationImpl.load(ApplicationImpl.java:406)
	at com.intellij.openapi.application.impl.ApplicationImpl.load(ApplicationImpl.java:392)
	at com.intellij.idea.IdeaApplication.run(IdeaApplication.java:203)
	at com.intellij.idea.MainImpl$1.lambda$null$0(MainImpl.java:49)
	at java.awt.event.InvocationEvent.dispatch(InvocationEvent.java:311)
	at java.awt.EventQueue.dispatchEventImpl(EventQueue.java:762)
	at java.awt.EventQueue.access$500(EventQueue.java:98)
	at java.awt.EventQueue$3.run(EventQueue.java:715)
	at java.awt.EventQueue$3.run(EventQueue.java:709)
	at java.security.AccessController.doPrivileged(Native Method)
	at java.security.ProtectionDomain$JavaSecurityAccessImpl.doIntersectionPrivilege(ProtectionDomain.java:80)
	at java.awt.EventQueue.dispatchEvent(EventQueue.java:732)
	at com.intellij.ide.IdeEventQueue.dispatchEvent(IdeEventQueue.java:346)
	at java.awt.EventDispatchThread.pumpOneEventForFilters(EventDispatchThread.java:201)
	at java.awt.EventDispatchThread.pumpEventsForFilter(EventDispatchThread.java:116)
	at java.awt.EventDispatchThread.pumpEventsForHierarchy(EventDispatchThread.java:105)
	at java.awt.EventDispatchThread.pumpEvents(EventDispatchThread.java:101)
	at java.awt.EventDispatchThread.pumpEvents(EventDispatchThread.java:93)
	at java.awt.EventDispatchThread.run(EventDispatchThread.java:82)
2018-05-14 18:18:38,992 [  12972]   INFO - il.indexing.FileBasedIndexImpl - Rebuild requested for index org.jetbrains.kotlin.idea.vfilefinder.KotlinClassFileIndex 
java.lang.Throwable
	at com.intellij.util.indexing.FileBasedIndex.requestRebuild(FileBasedIndex.java:68)
	at org.jetbrains.kotlin.idea.versions.KotlinUpdatePluginComponent.initComponent(KotlinUpdatePluginComponent.kt:56)
	at com.intellij.openapi.components.impl.ComponentManagerImpl$ComponentConfigComponentAdapter.getComponentInstance(ComponentManagerImpl.java:497)
	at com.intellij.openapi.components.impl.ComponentManagerImpl.createComponents(ComponentManagerImpl.java:119)
	at com.intellij.openapi.application.impl.ApplicationImpl.lambda$createComponents$9(ApplicationImpl.java:447)
	at com.intellij.openapi.progress.impl.CoreProgressManager.lambda$runProcess$1(CoreProgressManager.java:157)
	at com.intellij.openapi.progress.impl.CoreProgressManager.registerIndicatorAndRun(CoreProgressManager.java:543)
	at com.intellij.openapi.progress.impl.CoreProgressManager.executeProcessUnderProgress(CoreProgressManager.java:488)
	at com.intellij.openapi.progress.impl.ProgressManagerImpl.executeProcessUnderProgress(ProgressManagerImpl.java:94)
	at com.intellij.openapi.progress.impl.CoreProgressManager.runProcess(CoreProgressManager.java:144)
	at com.intellij.openapi.application.impl.ApplicationImpl.createComponents(ApplicationImpl.java:454)
	at com.intellij.openapi.components.impl.ComponentManagerImpl.init(ComponentManagerImpl.java:103)
	at com.intellij.openapi.application.impl.ApplicationImpl.load(ApplicationImpl.java:406)
	at com.intellij.openapi.application.impl.ApplicationImpl.load(ApplicationImpl.java:392)
	at com.intellij.idea.IdeaApplication.run(IdeaApplication.java:203)
	at com.intellij.idea.MainImpl$1.lambda$null$0(MainImpl.java:49)
	at java.awt.event.InvocationEvent.dispatch(InvocationEvent.java:311)
	at java.awt.EventQueue.dispatchEventImpl(EventQueue.java:762)
	at java.awt.EventQueue.access$500(EventQueue.java:98)
	at java.awt.EventQueue$3.run(EventQueue.java:715)
	at java.awt.EventQueue$3.run(EventQueue.java:709)
	at java.security.AccessController.doPrivileged(Native Method)
	at java.security.ProtectionDomain$JavaSecurityAccessImpl.doIntersectionPrivilege(ProtectionDomain.java:80)
	at java.awt.EventQueue.dispatchEvent(EventQueue.java:732)
	at com.intellij.ide.IdeEventQueue.dispatchEvent(IdeEventQueue.java:346)
	at java.awt.EventDispatchThread.pumpOneEventForFilters(EventDispatchThread.java:201)
	at java.awt.EventDispatchThread.pumpEventsForFilter(EventDispatchThread.java:116)
	at java.awt.EventDispatchThread.pumpEventsForHierarchy(EventDispatchThread.java:105)
	at java.awt.EventDispatchThread.pumpEvents(EventDispatchThread.java:101)
	at java.awt.EventDispatchThread.pumpEvents(EventDispatchThread.java:93)
	at java.awt.EventDispatchThread.run(EventDispatchThread.java:82)
2018-05-14 18:18:38,994 [  12974]   INFO - il.indexing.FileBasedIndexImpl - Rebuild requested for index org.jetbrains.kotlin.idea.vfilefinder.KotlinJavaScriptMetaFileIndex 
java.lang.Throwable
	at com.intellij.util.indexing.FileBasedIndex.requestRebuild(FileBasedIndex.java:68)
	at org.jetbrains.kotlin.idea.versions.KotlinUpdatePluginComponent.initComponent(KotlinUpdatePluginComponent.kt:57)
	at com.intellij.openapi.components.impl.ComponentManagerImpl$ComponentConfigComponentAdapter.getComponentInstance(ComponentManagerImpl.java:497)
	at com.intellij.openapi.components.impl.ComponentManagerImpl.createComponents(ComponentManagerImpl.java:119)
	at com.intellij.openapi.application.impl.ApplicationImpl.lambda$createComponents$9(ApplicationImpl.java:447)
	at com.intellij.openapi.progress.impl.CoreProgressManager.lambda$runProcess$1(CoreProgressManager.java:157)
	at com.intellij.openapi.progress.impl.CoreProgressManager.registerIndicatorAndRun(CoreProgressManager.java:543)
	at com.intellij.openapi.progress.impl.CoreProgressManager.executeProcessUnderProgress(CoreProgressManager.java:488)
	at com.intellij.openapi.progress.impl.ProgressManagerImpl.executeProcessUnderProgress(ProgressManagerImpl.java:94)
	at com.intellij.openapi.progress.impl.CoreProgressManager.runProcess(CoreProgressManager.java:144)
	at com.intellij.openapi.application.impl.ApplicationImpl.createComponents(ApplicationImpl.java:454)
	at com.intellij.openapi.components.impl.ComponentManagerImpl.init(ComponentManagerImpl.java:103)
	at com.intellij.openapi.application.impl.ApplicationImpl.load(ApplicationImpl.java:406)
	at com.intellij.openapi.application.impl.ApplicationImpl.load(ApplicationImpl.java:392)
	at com.intellij.idea.IdeaApplication.run(IdeaApplication.java:203)
	at com.intellij.idea.MainImpl$1.lambda$null$0(MainImpl.java:49)
	at java.awt.event.InvocationEvent.dispatch(InvocationEvent.java:311)
	at java.awt.EventQueue.dispatchEventImpl(EventQueue.java:762)
	at java.awt.EventQueue.access$500(EventQueue.java:98)
	at java.awt.EventQueue$3.run(EventQueue.java:715)
	at java.awt.EventQueue$3.run(EventQueue.java:709)
	at java.security.AccessController.doPrivileged(Native Method)
	at java.security.ProtectionDomain$JavaSecurityAccessImpl.doIntersectionPrivilege(ProtectionDomain.java:80)
	at java.awt.EventQueue.dispatchEvent(EventQueue.java:732)
	at com.intellij.ide.IdeEventQueue.dispatchEvent(IdeEventQueue.java:346)
	at java.awt.EventDispatchThread.pumpOneEventForFilters(EventDispatchThread.java:201)
	at java.awt.EventDispatchThread.pumpEventsForFilter(EventDispatchThread.java:116)
	at java.awt.EventDispatchThread.pumpEventsForHierarchy(EventDispatchThread.java:105)
	at java.awt.EventDispatchThread.pumpEvents(EventDispatchThread.java:101)
	at java.awt.EventDispatchThread.pumpEvents(EventDispatchThread.java:93)
	at java.awt.EventDispatchThread.run(EventDispatchThread.java:82)
2018-05-14 18:18:38,997 [  12977]   INFO - il.indexing.FileBasedIndexImpl - Rebuild requested for index org.jetbrains.kotlin.idea.vfilefinder.KotlinMetadataFileIndex 
java.lang.Throwable
	at com.intellij.util.indexing.FileBasedIndex.requestRebuild(FileBasedIndex.java:68)
	at org.jetbrains.kotlin.idea.versions.KotlinUpdatePluginComponent.initComponent(KotlinUpdatePluginComponent.kt:58)
	at com.intellij.openapi.components.impl.ComponentManagerImpl$ComponentConfigComponentAdapter.getComponentInstance(ComponentManagerImpl.java:497)
	at com.intellij.openapi.components.impl.ComponentManagerImpl.createComponents(ComponentManagerImpl.java:119)
	at com.intellij.openapi.application.impl.ApplicationImpl.lambda$createComponents$9(ApplicationImpl.java:447)
	at com.intellij.openapi.progress.impl.CoreProgressManager.lambda$runProcess$1(CoreProgressManager.java:157)
	at com.intellij.openapi.progress.impl.CoreProgressManager.registerIndicatorAndRun(CoreProgressManager.java:543)
	at com.intellij.openapi.progress.impl.CoreProgressManager.executeProcessUnderProgress(CoreProgressManager.java:488)
	at com.intellij.openapi.progress.impl.ProgressManagerImpl.executeProcessUnderProgress(ProgressManagerImpl.java:94)
	at com.intellij.openapi.progress.impl.CoreProgressManager.runProcess(CoreProgressManager.java:144)
	at com.intellij.openapi.application.impl.ApplicationImpl.createComponents(ApplicationImpl.java:454)
	at com.intellij.openapi.components.impl.ComponentManagerImpl.init(ComponentManagerImpl.java:103)
	at com.intellij.openapi.application.impl.ApplicationImpl.load(ApplicationImpl.java:406)
	at com.intellij.openapi.application.impl.ApplicationImpl.load(ApplicationImpl.java:392)
	at com.intellij.idea.IdeaApplication.run(IdeaApplication.java:203)
	at com.intellij.idea.MainImpl$1.lambda$null$0(MainImpl.java:49)
	at java.awt.event.InvocationEvent.dispatch(InvocationEvent.java:311)
	at java.awt.EventQueue.dispatchEventImpl(EventQueue.java:762)
	at java.awt.EventQueue.access$500(EventQueue.java:98)
	at java.awt.EventQueue$3.run(EventQueue.java:715)
	at java.awt.EventQueue$3.run(EventQueue.java:709)
	at java.security.AccessController.doPrivileged(Native Method)
	at java.security.ProtectionDomain$JavaSecurityAccessImpl.doIntersectionPrivilege(ProtectionDomain.java:80)
	at java.awt.EventQueue.dispatchEvent(EventQueue.java:732)
	at com.intellij.ide.IdeEventQueue.dispatchEvent(IdeEventQueue.java:346)
	at java.awt.EventDispatchThread.pumpOneEventForFilters(EventDispatchThread.java:201)
	at java.awt.EventDispatchThread.pumpEventsForFilter(EventDispatchThread.java:116)
	at java.awt.EventDispatchThread.pumpEventsForHierarchy(EventDispatchThread.java:105)
	at java.awt.EventDispatchThread.pumpEvents(EventDispatchThread.java:101)
	at java.awt.EventDispatchThread.pumpEvents(EventDispatchThread.java:93)
	at java.awt.EventDispatchThread.run(EventDispatchThread.java:82)
2018-05-14 18:18:38,999 [  12979]   INFO - il.indexing.FileBasedIndexImpl - Rebuild requested for index org.jetbrains.kotlin.idea.vfilefinder.KotlinMetadataFilePackageIndex 
java.lang.Throwable
	at com.intellij.util.indexing.FileBasedIndex.requestRebuild(FileBasedIndex.java:68)
	at org.jetbrains.kotlin.idea.versions.KotlinUpdatePluginComponent.initComponent(KotlinUpdatePluginComponent.kt:59)
	at com.intellij.openapi.components.impl.ComponentManagerImpl$ComponentConfigComponentAdapter.getComponentInstance(ComponentManagerImpl.java:497)
	at com.intellij.openapi.components.impl.ComponentManagerImpl.createComponents(ComponentManagerImpl.java:119)
	at com.intellij.openapi.application.impl.ApplicationImpl.lambda$createComponents$9(ApplicationImpl.java:447)
	at com.intellij.openapi.progress.impl.CoreProgressManager.lambda$runProcess$1(CoreProgressManager.java:157)
	at com.intellij.openapi.progress.impl.CoreProgressManager.registerIndicatorAndRun(CoreProgressManager.java:543)
	at com.intellij.openapi.progress.impl.CoreProgressManager.executeProcessUnderProgress(CoreProgressManager.java:488)
	at com.intellij.openapi.progress.impl.ProgressManagerImpl.executeProcessUnderProgress(ProgressManagerImpl.java:94)
	at com.intellij.openapi.progress.impl.CoreProgressManager.runProcess(CoreProgressManager.java:144)
	at com.intellij.openapi.application.impl.ApplicationImpl.createComponents(ApplicationImpl.java:454)
	at com.intellij.openapi.components.impl.ComponentManagerImpl.init(ComponentManagerImpl.java:103)
	at com.intellij.openapi.application.impl.ApplicationImpl.load(ApplicationImpl.java:406)
	at com.intellij.openapi.application.impl.ApplicationImpl.load(ApplicationImpl.java:392)
	at com.intellij.idea.IdeaApplication.run(IdeaApplication.java:203)
	at com.intellij.idea.MainImpl$1.lambda$null$0(MainImpl.java:49)
	at java.awt.event.InvocationEvent.dispatch(InvocationEvent.java:311)
	at java.awt.EventQueue.dispatchEventImpl(EventQueue.java:762)
	at java.awt.EventQueue.access$500(EventQueue.java:98)
	at java.awt.EventQueue$3.run(EventQueue.java:715)
	at java.awt.EventQueue$3.run(EventQueue.java:709)
	at java.security.AccessController.doPrivileged(Native Method)
	at java.security.ProtectionDomain$JavaSecurityAccessImpl.doIntersectionPrivilege(ProtectionDomain.java:80)
	at java.awt.EventQueue.dispatchEvent(EventQueue.java:732)
	at com.intellij.ide.IdeEventQueue.dispatchEvent(IdeEventQueue.java:346)
	at java.awt.EventDispatchThread.pumpOneEventForFilters(EventDispatchThread.java:201)
	at java.awt.EventDispatchThread.pumpEventsForFilter(EventDispatchThread.java:116)
	at java.awt.EventDispatchThread.pumpEventsForHierarchy(EventDispatchThread.java:105)
	at java.awt.EventDispatchThread.pumpEvents(EventDispatchThread.java:101)
	at java.awt.EventDispatchThread.pumpEvents(EventDispatchThread.java:93)
	at java.awt.EventDispatchThread.run(EventDispatchThread.java:82)
2018-05-14 18:18:39,001 [  12981]   INFO - il.indexing.FileBasedIndexImpl - Rebuild requested for index org.jetbrains.kotlin.idea.vfilefinder.KotlinModuleMappingIndex 
java.lang.Throwable
	at com.intellij.util.indexing.FileBasedIndex.requestRebuild(FileBasedIndex.java:68)
	at org.jetbrains.kotlin.idea.versions.KotlinUpdatePluginComponent.initComponent(KotlinUpdatePluginComponent.kt:60)
	at com.intellij.openapi.components.impl.ComponentManagerImpl$ComponentConfigComponentAdapter.getComponentInstance(ComponentManagerImpl.java:497)
	at com.intellij.openapi.components.impl.ComponentManagerImpl.createComponents(ComponentManagerImpl.java:119)
	at com.intellij.openapi.application.impl.ApplicationImpl.lambda$createComponents$9(ApplicationImpl.java:447)
	at com.intellij.openapi.progress.impl.CoreProgressManager.lambda$runProcess$1(CoreProgressManager.java:157)
	at com.intellij.openapi.progress.impl.CoreProgressManager.registerIndicatorAndRun(CoreProgressManager.java:543)
	at com.intellij.openapi.progress.impl.CoreProgressManager.executeProcessUnderProgress(CoreProgressManager.java:488)
	at com.intellij.openapi.progress.impl.ProgressManagerImpl.executeProcessUnderProgress(ProgressManagerImpl.java:94)
	at com.intellij.openapi.progress.impl.CoreProgressManager.runProcess(CoreProgressManager.java:144)
	at com.intellij.openapi.application.impl.ApplicationImpl.createComponents(ApplicationImpl.java:454)
	at com.intellij.openapi.components.impl.ComponentManagerImpl.init(ComponentManagerImpl.java:103)
	at com.intellij.openapi.application.impl.ApplicationImpl.load(ApplicationImpl.java:406)
	at com.intellij.openapi.application.impl.ApplicationImpl.load(ApplicationImpl.java:392)
	at com.intellij.idea.IdeaApplication.run(IdeaApplication.java:203)
	at com.intellij.idea.MainImpl$1.lambda$null$0(MainImpl.java:49)
	at java.awt.event.InvocationEvent.dispatch(InvocationEvent.java:311)
	at java.awt.EventQueue.dispatchEventImpl(EventQueue.java:762)
	at java.awt.EventQueue.access$500(EventQueue.java:98)
	at java.awt.EventQueue$3.run(EventQueue.java:715)
	at java.awt.EventQueue$3.run(EventQueue.java:709)
	at java.security.AccessController.doPrivileged(Native Method)
	at java.security.ProtectionDomain$JavaSecurityAccessImpl.doIntersectionPrivilege(ProtectionDomain.java:80)
	at java.awt.EventQueue.dispatchEvent(EventQueue.java:732)
	at com.intellij.ide.IdeEventQueue.dispatchEvent(IdeEventQueue.java:346)
	at java.awt.EventDispatchThread.pumpOneEventForFilters(EventDispatchThread.java:201)
	at java.awt.EventDispatchThread.pumpEventsForFilter(EventDispatchThread.java:116)
	at java.awt.EventDispatchThread.pumpEventsForHierarchy(EventDispatchThread.java:105)
	at java.awt.EventDispatchThread.pumpEvents(EventDispatchThread.java:101)
	at java.awt.EventDispatchThread.pumpEvents(EventDispatchThread.java:93)
	at java.awt.EventDispatchThread.run(EventDispatchThread.java:82)
2018-05-14 18:18:39,010 [  12990]   INFO - plication.impl.ApplicationImpl - 86 application components initialized in 10693ms 
2018-05-14 18:18:39,072 [  13052]   INFO - .intellij.idea.IdeaApplication - App initialization took 14218 ms 
2018-05-14 18:18:39,074 [  13054]   INFO - llij.ide.plugins.PluginManager - org.jetbrains.kotlin loaded 767 classes 
2018-05-14 18:18:39,074 [  13054]   INFO - llij.ide.plugins.PluginManager - org.intellij.groovy loaded 179 classes 
2018-05-14 18:18:39,074 [  13054]   INFO - llij.ide.plugins.PluginManager - org.jetbrains.android loaded 148 classes 
2018-05-14 18:18:39,074 [  13054]   INFO - llij.ide.plugins.PluginManager - org.jetbrains.idea.maven loaded 76 classes 
2018-05-14 18:18:39,075 [  13055]   INFO - llij.ide.plugins.PluginManager - CVS loaded 46 classes 
2018-05-14 18:18:39,075 [  13055]   INFO - llij.ide.plugins.PluginManager - org.jetbrains.settingsRepository loaded 34 classes 
2018-05-14 18:18:39,075 [  13055]   INFO - llij.ide.plugins.PluginManager - com.intellij.uiDesigner loaded 30 classes 
2018-05-14 18:18:39,075 [  13055]   INFO - llij.ide.plugins.PluginManager - com.intellij.properties loaded 28 classes 
2018-05-14 18:18:39,075 [  13055]   INFO - llij.ide.plugins.PluginManager - Git4Idea loaded 29 classes 
2018-05-14 18:18:39,075 [  13055]   INFO - llij.ide.plugins.PluginManager - hg4idea loaded 24 classes 
2018-05-14 18:18:39,075 [  13055]   INFO - llij.ide.plugins.PluginManager - com.intellij.tasks loaded 23 classes 
2018-05-14 18:18:39,075 [  13055]   INFO - llij.ide.plugins.PluginManager - Subversion loaded 22 classes 
2018-05-14 18:18:39,075 [  13055]   INFO - llij.ide.plugins.PluginManager - AntSupport loaded 17 classes 
2018-05-14 18:18:39,075 [  13055]   INFO - llij.ide.plugins.PluginManager - org.jetbrains.plugins.gradle loaded 15 classes 
2018-05-14 18:18:39,075 [  13055]   INFO - llij.ide.plugins.PluginManager - XPathView loaded 14 classes 
2018-05-14 18:18:39,075 [  13055]   INFO - llij.ide.plugins.PluginManager - org.jetbrains.plugins.github loaded 14 classes 
2018-05-14 18:18:39,075 [  13055]   INFO - llij.ide.plugins.PluginManager - org.jetbrains.plugins.yaml loaded 13 classes 
2018-05-14 18:18:39,075 [  13055]   INFO - llij.ide.plugins.PluginManager - org.jetbrains.plugins.javaFX loaded 11 classes 
2018-05-14 18:18:39,075 [  13055]   INFO - llij.ide.plugins.PluginManager - DevKit loaded 11 classes 
2018-05-14 18:18:39,075 [  13055]   INFO - llij.ide.plugins.PluginManager - org.jetbrains.java.decompiler loaded 7 classes 
2018-05-14 18:18:39,075 [  13055]   INFO - llij.ide.plugins.PluginManager - com.intellij.copyright loaded 3 classes 
2018-05-14 18:18:39,075 [  13055]   INFO - llij.ide.plugins.PluginManager - ByteCodeViewer loaded 2 classes 
2018-05-14 18:18:39,075 [  13055]   INFO - llij.ide.plugins.PluginManager - Coverage loaded 2 classes 
2018-05-14 18:18:39,075 [  13055]   INFO - llij.ide.plugins.PluginManager - org.jetbrains.idea.eclipse loaded 2 classes 
2018-05-14 18:18:39,869 [  13849]   INFO - pl$FileIndexDataInitialization - Initialization done:2134 
2018-05-14 18:18:39,963 [  13943]   INFO - com.intellij.ide.ui.UISettings - Loaded: fontSize=12, fontScale=1.0; restored: fontSize=12, fontScale=1.0 
2018-05-14 18:18:40,216 [  14196]   INFO - exImpl$StubIndexInitialization - Initialization done:341 
2018-05-14 18:18:40,739 [  14719]   INFO - j.ide.ui.OptionsTopHitProvider - 1241 ms spent to cache options in application 
2018-05-14 18:18:41,152 [  15132]   INFO - .openapi.application.Preloader - Finished preloading com.intellij.openapi.actionSystem.impl.ActionPreloader@657e77aa 
2018-05-14 18:18:42,902 [  16882]   INFO - .openapi.application.Preloader - Finished preloading com.intellij.ide.ui.search.SearchableOptionPreloader@51858ce0 
2018-05-14 18:18:43,201 [  17181]   INFO - .openapi.application.Preloader - Finished preloading com.intellij.codeInsight.completion.CompletionPreloader@173a9c4f 
2018-05-15 00:23:28,488 [21902468]  ERROR - llij.ide.plugins.PluginManager - Fatal error initializing 'com.intellij.psi.PsiDocumentManager' 
com.intellij.ide.plugins.PluginManager$StartupAbortedException: Fatal error initializing 'com.intellij.psi.PsiDocumentManager'
	at com.intellij.ide.plugins.PluginManager.handleComponentError(PluginManager.java:274)
	at com.intellij.openapi.components.impl.PlatformComponentManagerImpl.handleInitComponentError(PlatformComponentManagerImpl.java:43)
	at com.intellij.openapi.components.impl.ComponentManagerImpl$ComponentConfigComponentAdapter.getComponentInstance(ComponentManagerImpl.java:515)
	at com.intellij.openapi.components.impl.ComponentManagerImpl.createComponents(ComponentManagerImpl.java:119)
	at com.intellij.openapi.components.impl.ComponentManagerImpl.init(ComponentManagerImpl.java:103)
	at com.intellij.openapi.components.impl.ComponentManagerImpl.init(ComponentManagerImpl.java:90)
	at com.intellij.openapi.project.impl.ProjectImpl.init(ProjectImpl.java:284)
	at com.intellij.openapi.project.impl.ProjectManagerImpl.initProject(ProjectManagerImpl.java:289)
	at com.intellij.openapi.project.impl.ProjectManagerImpl.lambda$getDefaultProject$4(ProjectManagerImpl.java:352)
	at com.intellij.openapi.progress.impl.CoreProgressManager.registerIndicatorAndRun(CoreProgressManager.java:543)
	at com.intellij.openapi.progress.impl.CoreProgressManager.executeProcessUnderProgress(CoreProgressManager.java:488)
	at com.intellij.openapi.progress.impl.ProgressManagerImpl.executeProcessUnderProgress(ProgressManagerImpl.java:94)
	at com.intellij.openapi.progress.impl.CoreProgressManager.executeNonCancelableSection(CoreProgressManager.java:185)
	at com.intellij.openapi.project.impl.ProjectManagerImpl.getDefaultProject(ProjectManagerImpl.java:349)
	at com.intellij.openapi.wm.impl.welcomeScreen.FlatWelcomeFrame.getProject(FlatWelcomeFrame.java:760)
	at com.intellij.openapi.wm.IdeFocusManager.findByComponent(IdeFocusManager.java:216)
	at com.intellij.openapi.wm.IdeFocusManager.findInstanceByComponent(IdeFocusManager.java:207)
	at com.intellij.openapi.wm.IdeFocusManager.findInstance(IdeFocusManager.java:233)
	at com.intellij.openapi.util.DimensionService.keyPair(DimensionService.java:285)
	at com.intellij.openapi.util.DimensionService.setLocation(DimensionService.java:121)
	at com.intellij.openapi.wm.impl.welcomeScreen.FlatWelcomeFrame.saveLocation(FlatWelcomeFrame.java:150)
	at com.intellij.openapi.wm.impl.welcomeScreen.FlatWelcomeFrame.dispose(FlatWelcomeFrame.java:135)
	at com.intellij.openapi.util.Disposer$1.execute(Disposer.java:48)
	at com.intellij.openapi.util.Disposer$1.execute(Disposer.java:44)
	at com.intellij.openapi.util.objectTree.ObjectNode$1.execute(ObjectNode.java:138)
	at com.intellij.openapi.util.objectTree.ObjectNode$1.execute(ObjectNode.java:107)
	at com.intellij.openapi.util.objectTree.ObjectTree.executeActionWithRecursiveGuard(ObjectTree.java:167)
	at com.intellij.openapi.util.objectTree.ObjectNode.execute(ObjectNode.java:107)
	at com.intellij.openapi.util.objectTree.ObjectNode$1.execute(ObjectNode.java:126)
	at com.intellij.openapi.util.objectTree.ObjectNode$1.execute(ObjectNode.java:107)
	at com.intellij.openapi.util.objectTree.ObjectTree.executeActionWithRecursiveGuard(ObjectTree.java:167)
	at com.intellij.openapi.util.objectTree.ObjectNode.execute(ObjectNode.java:107)
	at com.intellij.openapi.util.objectTree.ObjectTree.executeAll(ObjectTree.java:142)
	at com.intellij.openapi.util.Disposer.dispose(Disposer.java:129)
	at com.intellij.openapi.util.Disposer.dispose(Disposer.java:125)
	at com.intellij.openapi.application.impl.ApplicationImpl.lambda$disposeSelf$7(ApplicationImpl.java:254)
	at com.intellij.openapi.application.impl.ApplicationImpl.runWriteAction(ApplicationImpl.java:1003)
	at com.intellij.openapi.application.impl.ApplicationImpl.disposeSelf(ApplicationImpl.java:254)
	at com.intellij.openapi.application.impl.ApplicationImpl.doExit(ApplicationImpl.java:782)
	at com.intellij.openapi.application.impl.ApplicationImpl.exit(ApplicationImpl.java:758)
	at com.intellij.openapi.application.impl.ApplicationImpl.exit(ApplicationImpl.java:747)
	at com.intellij.openapi.application.impl.ApplicationImpl.exit(ApplicationImpl.java:724)
	at com.intellij.openapi.application.impl.ApplicationImpl.exit(ApplicationImpl.java:719)
	at com.intellij.openapi.wm.impl.welcomeScreen.WelcomeFrame$3.windowClosing(WelcomeFrame.java:120)
	at java.awt.AWTEventMulticaster.windowClosing(AWTEventMulticaster.java:349)
	at java.awt.AWTEventMulticaster.windowClosing(AWTEventMulticaster.java:349)
	at java.awt.Window.processWindowEvent(Window.java:2054)
	at javax.swing.JFrame.processWindowEvent(JFrame.java:305)
	at java.awt.Window.processEvent(Window.java:2013)
	at java.awt.Component.dispatchEventImpl(Component.java:4897)
	at java.awt.Container.dispatchEventImpl(Container.java:2295)
	at java.awt.Window.dispatchEventImpl(Window.java:2746)
	at java.awt.Component.dispatchEvent(Component.java:4719)
	at java.awt.EventQueue.dispatchEventImpl(EventQueue.java:764)
	at java.awt.EventQueue.access$500(EventQueue.java:98)
	at java.awt.EventQueue$3.run(EventQueue.java:715)
	at java.awt.EventQueue$3.run(EventQueue.java:709)
	at java.security.AccessController.doPrivileged(Native Method)
	at java.security.ProtectionDomain$JavaSecurityAccessImpl.doIntersectionPrivilege(ProtectionDomain.java:80)
	at java.security.ProtectionDomain$JavaSecurityAccessImpl.doIntersectionPrivilege(ProtectionDomain.java:90)
	at java.awt.EventQueue$4.run(EventQueue.java:737)
	at java.awt.EventQueue$4.run(EventQueue.java:735)
	at java.security.AccessController.doPrivileged(Native Method)
	at java.security.ProtectionDomain$JavaSecurityAccessImpl.doIntersectionPrivilege(ProtectionDomain.java:80)
	at java.awt.EventQueue.dispatchEvent(EventQueue.java:734)
	at com.intellij.ide.IdeEventQueue.defaultDispatchEvent(IdeEventQueue.java:822)
	at com.intellij.ide.IdeEventQueue._dispatchEvent(IdeEventQueue.java:650)
	at com.intellij.ide.IdeEventQueue.dispatchEvent(IdeEventQueue.java:366)
	at java.awt.EventDispatchThread.pumpOneEventForFilters(EventDispatchThread.java:201)
	at java.awt.EventDispatchThread.pumpEventsForFilter(EventDispatchThread.java:116)
	at java.awt.EventDispatchThread.pumpEventsForHierarchy(EventDispatchThread.java:105)
	at java.awt.EventDispatchThread.pumpEvents(EventDispatchThread.java:101)
	at java.awt.EventDispatchThread.pumpEvents(EventDispatchThread.java:93)
	at java.awt.EventDispatchThread.run(EventDispatchThread.java:82)
Caused by: com.intellij.util.IncorrectOperationException: Sorry but parent: Application (Internal) is being disposed so the child: Document commit thread; application: Application (Internal); isDisposed: false; myEnabled: false will never be disposed
	at com.intellij.openapi.util.objectTree.ObjectTree.register(ObjectTree.java:75)
	at com.intellij.openapi.util.Disposer.register(Disposer.java:97)
	at com.intellij.openapi.util.Disposer.register(Disposer.java:93)
	at com.intellij.openapi.components.impl.ServiceManagerImpl$MyComponentAdapter.getComponentInstance(ServiceManagerImpl.java:222)
	at com.intellij.util.pico.DefaultPicoContainer.getLocalInstance(DefaultPicoContainer.java:239)
	at com.intellij.util.pico.DefaultPicoContainer.getComponentInstance(DefaultPicoContainer.java:206)
	at sun.reflect.NativeMethodAccessorImpl.invoke0(Native Method)
	at sun.reflect.NativeMethodAccessorImpl.invoke(NativeMethodAccessorImpl.java:62)
	at sun.reflect.DelegatingMethodAccessorImpl.invoke(DelegatingMethodAccessorImpl.java:43)
	at java.lang.reflect.Method.invoke(Method.java:498)
	at org.picocontainer.defaults.ImmutablePicoContainerProxyFactory.invoke(ImmutablePicoContainerProxyFactory.java:73)
	at com.sun.proxy.$Proxy58.getComponentInstance(Unknown Source)
	at com.intellij.util.pico.DefaultPicoContainer.getComponentInstance(DefaultPicoContainer.java:211)
	at org.picocontainer.defaults.BasicComponentParameter.resolveInstance(BasicComponentParameter.java:77)
	at org.picocontainer.defaults.ComponentParameter.resolveInstance(ComponentParameter.java:114)
	at com.intellij.util.pico.CachingConstructorInjectionComponentAdapter.getConstructorArguments(CachingConstructorInjectionComponentAdapter.java:129)
	at com.intellij.util.pico.CachingConstructorInjectionComponentAdapter.doGetComponentInstance(CachingConstructorInjectionComponentAdapter.java:100)
	at com.intellij.util.pico.CachingConstructorInjectionComponentAdapter.instantiateGuarded(CachingConstructorInjectionComponentAdapter.java:80)
	at com.intellij.util.pico.CachingConstructorInjectionComponentAdapter.getComponentInstance(CachingConstructorInjectionComponentAdapter.java:63)
	at com.intellij.openapi.components.impl.ComponentManagerImpl$ComponentConfigComponentAdapter.getComponentInstance(ComponentManagerImpl.java:474)
	... 71 more
2018-05-15 00:23:28,490 [21902470]  ERROR - llij.ide.plugins.PluginManager - IntelliJ IDEA 2017.3.4  Build #IC-173.4548.28 
2018-05-15 00:23:28,491 [21902471]  ERROR - llij.ide.plugins.PluginManager - JDK: 1.8.0_152-release 
2018-05-15 00:23:28,491 [21902471]  ERROR - llij.ide.plugins.PluginManager - VM: OpenJDK 64-Bit Server VM 
2018-05-15 00:23:28,491 [21902471]  ERROR - llij.ide.plugins.PluginManager - Vendor: JetBrains s.r.o 
2018-05-15 00:23:28,491 [21902471]  ERROR - llij.ide.plugins.PluginManager - OS: Mac OS X 
2018-05-15 00:23:28,491 [21902471]  ERROR - llij.ide.plugins.PluginManager - Last Action:  
2018-05-15 00:23:28,917 [21902897]   INFO - stubs.SerializationManagerImpl - START StubSerializationManager SHUTDOWN 
2018-05-15 00:23:28,918 [21902898]   INFO - stubs.SerializationManagerImpl - END StubSerializationManager SHUTDOWN 
2018-05-15 00:23:28,918 [21902898]   INFO - il.indexing.FileBasedIndexImpl - START INDEX SHUTDOWN 
2018-05-15 00:23:29,434 [21903414]   INFO - il.indexing.FileBasedIndexImpl - END INDEX SHUTDOWN 
2018-05-15 00:23:29,437 [21903417]   INFO - org.jetbrains.io.BuiltInServer - web server stopped 
2018-05-15 00:23:29,441 [21903421]   INFO - Types.impl.FileTypeManagerImpl - FileTypeManager: 0 auto-detected files
Elapsed time on auto-detect: 0 ms 
2018-05-15 00:23:29,447 [21903427]   INFO - pl.local.NativeFileWatcherImpl - Watcher terminated with exit code 0 
2018-05-15 00:23:29,450 [21903430]   INFO - newvfs.persistent.PersistentFS - VFS dispose started 
2018-05-15 00:23:29,454 [21903434]   INFO - newvfs.persistent.PersistentFS - VFS dispose completed 
2018-05-15 00:23:29,457 [21903437]   INFO - plication.impl.ApplicationImpl - Write action Statistics:
Event number:     23
Total time spent: 92ms
Average duration: 4ms
Median  duration: 1ms
Max  duration:    45ms (it was 'write action (class com.intellij.configurationStore.StorageUtilKt$getOrCreateVirtualFile$$inlined$runUndoTransparentWriteAction$1$1)') 
2018-05-15 00:23:29,457 [21903437]   INFO - plication.impl.ApplicationImpl - AnAction.update() Statistics:
Event number:     0
Total time spent: 0ms
Average duration: 0ms
Median  duration: 0ms
Max  duration:    0ms (it was 'null') 
2018-05-15 00:23:29,457 [21903437]   INFO - plication.impl.ApplicationImpl - Global instance threads created counter = 10; ProcessIOExecutorService threads: 6 
2018-05-15 00:23:29,458 [21903438]  ERROR - api.util.objectTree.ObjectTree - Memory leak detected: 'Document commit thread; application: Application (Disposed) (Internal); isDisposed: false; myEnabled: false' of class com.intellij.psi.impl.DocumentCommitThread
See the cause for the corresponding Disposer.register() stacktrace:
 
java.lang.RuntimeException: Memory leak detected: 'Document commit thread; application: Application (Disposed) (Internal); isDisposed: false; myEnabled: false' of class com.intellij.psi.impl.DocumentCommitThread
See the cause for the corresponding Disposer.register() stacktrace:

	at com.intellij.openapi.util.objectTree.ObjectTree.assertIsEmpty(ObjectTree.java:232)
	at com.intellij.openapi.util.Disposer.assertIsEmpty(Disposer.java:146)
	at com.intellij.openapi.util.Disposer.assertIsEmpty(Disposer.java:142)
	at com.intellij.openapi.application.impl.ApplicationImpl.disposeSelf(ApplicationImpl.java:256)
	at com.intellij.openapi.application.impl.ApplicationImpl.doExit(ApplicationImpl.java:782)
	at com.intellij.openapi.application.impl.ApplicationImpl.exit(ApplicationImpl.java:758)
	at com.intellij.openapi.application.impl.ApplicationImpl.exit(ApplicationImpl.java:747)
	at com.intellij.openapi.application.impl.ApplicationImpl.exit(ApplicationImpl.java:724)
	at com.intellij.openapi.application.impl.ApplicationImpl.exit(ApplicationImpl.java:719)
	at com.intellij.openapi.wm.impl.welcomeScreen.WelcomeFrame$3.windowClosing(WelcomeFrame.java:120)
	at java.awt.AWTEventMulticaster.windowClosing(AWTEventMulticaster.java:349)
	at java.awt.AWTEventMulticaster.windowClosing(AWTEventMulticaster.java:349)
	at java.awt.Window.processWindowEvent(Window.java:2054)
	at javax.swing.JFrame.processWindowEvent(JFrame.java:305)
	at java.awt.Window.processEvent(Window.java:2013)
	at java.awt.Component.dispatchEventImpl(Component.java:4897)
	at java.awt.Container.dispatchEventImpl(Container.java:2295)
	at java.awt.Window.dispatchEventImpl(Window.java:2746)
	at java.awt.Component.dispatchEvent(Component.java:4719)
	at java.awt.EventQueue.dispatchEventImpl(EventQueue.java:764)
	at java.awt.EventQueue.access$500(EventQueue.java:98)
	at java.awt.EventQueue$3.run(EventQueue.java:715)
	at java.awt.EventQueue$3.run(EventQueue.java:709)
	at java.security.AccessController.doPrivileged(Native Method)
	at java.security.ProtectionDomain$JavaSecurityAccessImpl.doIntersectionPrivilege(ProtectionDomain.java:80)
	at java.security.ProtectionDomain$JavaSecurityAccessImpl.doIntersectionPrivilege(ProtectionDomain.java:90)
	at java.awt.EventQueue$4.run(EventQueue.java:737)
	at java.awt.EventQueue$4.run(EventQueue.java:735)
	at java.security.AccessController.doPrivileged(Native Method)
	at java.security.ProtectionDomain$JavaSecurityAccessImpl.doIntersectionPrivilege(ProtectionDomain.java:80)
	at java.awt.EventQueue.dispatchEvent(EventQueue.java:734)
	at com.intellij.ide.IdeEventQueue.defaultDispatchEvent(IdeEventQueue.java:822)
	at com.intellij.ide.IdeEventQueue._dispatchEvent(IdeEventQueue.java:650)
	at com.intellij.ide.IdeEventQueue.dispatchEvent(IdeEventQueue.java:366)
	at java.awt.EventDispatchThread.pumpOneEventForFilters(EventDispatchThread.java:201)
	at java.awt.EventDispatchThread.pumpEventsForFilter(EventDispatchThread.java:116)
	at java.awt.EventDispatchThread.pumpEventsForHierarchy(EventDispatchThread.java:105)
	at java.awt.EventDispatchThread.pumpEvents(EventDispatchThread.java:101)
	at java.awt.EventDispatchThread.pumpEvents(EventDispatchThread.java:93)
	at java.awt.EventDispatchThread.run(EventDispatchThread.java:82)
Caused by: java.lang.Throwable
	at com.intellij.openapi.util.objectTree.ObjectNode.<init>(ObjectNode.java:56)
	at com.intellij.openapi.util.objectTree.ObjectTree.createNodeFor(ObjectTree.java:118)
	at com.intellij.openapi.util.objectTree.ObjectTree.register(ObjectTree.java:80)
	at com.intellij.openapi.util.Disposer.register(Disposer.java:97)
	at com.intellij.openapi.util.Disposer.register(Disposer.java:93)
	at com.intellij.util.concurrency.BoundedTaskExecutor.<init>(BoundedTaskExecutor.java:75)
	at com.intellij.psi.impl.DocumentCommitThread.<init>(DocumentCommitThread.java:68)
	at sun.reflect.NativeConstructorAccessorImpl.newInstance0(Native Method)
	at sun.reflect.NativeConstructorAccessorImpl.newInstance(NativeConstructorAccessorImpl.java:62)
	at sun.reflect.DelegatingConstructorAccessorImpl.newInstance(DelegatingConstructorAccessorImpl.java:45)
	at java.lang.reflect.Constructor.newInstance(Constructor.java:423)
	at org.picocontainer.defaults.InstantiatingComponentAdapter.newInstance(InstantiatingComponentAdapter.java:193)
	at com.intellij.util.pico.CachingConstructorInjectionComponentAdapter.doGetComponentInstance(CachingConstructorInjectionComponentAdapter.java:103)
	at com.intellij.util.pico.CachingConstructorInjectionComponentAdapter.instantiateGuarded(CachingConstructorInjectionComponentAdapter.java:80)
	at com.intellij.util.pico.CachingConstructorInjectionComponentAdapter.getComponentInstance(CachingConstructorInjectionComponentAdapter.java:63)
	at com.intellij.openapi.components.impl.ServiceManagerImpl$MyComponentAdapter.getComponentInstance(ServiceManagerImpl.java:220)
	at com.intellij.util.pico.DefaultPicoContainer.getLocalInstance(DefaultPicoContainer.java:239)
	at com.intellij.util.pico.DefaultPicoContainer.getComponentInstance(DefaultPicoContainer.java:206)
	at sun.reflect.NativeMethodAccessorImpl.invoke0(Native Method)
	at sun.reflect.NativeMethodAccessorImpl.invoke(NativeMethodAccessorImpl.java:62)
	at sun.reflect.DelegatingMethodAccessorImpl.invoke(DelegatingMethodAccessorImpl.java:43)
	at java.lang.reflect.Method.invoke(Method.java:498)
	at org.picocontainer.defaults.ImmutablePicoContainerProxyFactory.invoke(ImmutablePicoContainerProxyFactory.java:73)
	at com.sun.proxy.$Proxy58.getComponentInstance(Unknown Source)
	at com.intellij.util.pico.DefaultPicoContainer.getComponentInstance(DefaultPicoContainer.java:211)
	at org.picocontainer.defaults.BasicComponentParameter.resolveInstance(BasicComponentParameter.java:77)
	at org.picocontainer.defaults.ComponentParameter.resolveInstance(ComponentParameter.java:114)
	at com.intellij.util.pico.CachingConstructorInjectionComponentAdapter.getConstructorArguments(CachingConstructorInjectionComponentAdapter.java:129)
	at com.intellij.util.pico.CachingConstructorInjectionComponentAdapter.doGetComponentInstance(CachingConstructorInjectionComponentAdapter.java:100)
	at com.intellij.util.pico.CachingConstructorInjectionComponentAdapter.instantiateGuarded(CachingConstructorInjectionComponentAdapter.java:80)
	at com.intellij.util.pico.CachingConstructorInjectionComponentAdapter.getComponentInstance(CachingConstructorInjectionComponentAdapter.java:63)
	at com.intellij.openapi.components.impl.ComponentManagerImpl$ComponentConfigComponentAdapter.getComponentInstance(ComponentManagerImpl.java:474)
	at com.intellij.openapi.components.impl.ComponentManagerImpl.createComponents(ComponentManagerImpl.java:119)
	at com.intellij.openapi.components.impl.ComponentManagerImpl.init(ComponentManagerImpl.java:103)
	at com.intellij.openapi.components.impl.ComponentManagerImpl.init(ComponentManagerImpl.java:90)
	at com.intellij.openapi.project.impl.ProjectImpl.init(ProjectImpl.java:284)
	at com.intellij.openapi.project.impl.ProjectManagerImpl.initProject(ProjectManagerImpl.java:289)
	at com.intellij.openapi.project.impl.ProjectManagerImpl.lambda$getDefaultProject$4(ProjectManagerImpl.java:352)
	at com.intellij.openapi.progress.impl.CoreProgressManager.registerIndicatorAndRun(CoreProgressManager.java:543)
	at com.intellij.openapi.progress.impl.CoreProgressManager.executeProcessUnderProgress(CoreProgressManager.java:488)
	at com.intellij.openapi.progress.impl.ProgressManagerImpl.executeProcessUnderProgress(ProgressManagerImpl.java:94)
	at com.intellij.openapi.progress.impl.CoreProgressManager.executeNonCancelableSection(CoreProgressManager.java:185)
	at com.intellij.openapi.project.impl.ProjectManagerImpl.getDefaultProject(ProjectManagerImpl.java:349)
	at com.intellij.openapi.wm.impl.welcomeScreen.FlatWelcomeFrame.getProject(FlatWelcomeFrame.java:760)
	at com.intellij.openapi.wm.IdeFocusManager.findByComponent(IdeFocusManager.java:216)
	at com.intellij.openapi.wm.IdeFocusManager.findInstanceByComponent(IdeFocusManager.java:207)
	at com.intellij.openapi.wm.IdeFocusManager.findInstance(IdeFocusManager.java:233)
	at com.intellij.openapi.util.DimensionService.keyPair(DimensionService.java:285)
	at com.intellij.openapi.util.DimensionService.setLocation(DimensionService.java:121)
	at com.intellij.openapi.wm.impl.welcomeScreen.FlatWelcomeFrame.saveLocation(FlatWelcomeFrame.java:150)
	at com.intellij.openapi.wm.impl.welcomeScreen.FlatWelcomeFrame.dispose(FlatWelcomeFrame.java:135)
	at com.intellij.openapi.util.Disposer$1.execute(Disposer.java:48)
	at com.intellij.openapi.util.Disposer$1.execute(Disposer.java:44)
	at com.intellij.openapi.util.objectTree.ObjectNode$1.execute(ObjectNode.java:138)
	at com.intellij.openapi.util.objectTree.ObjectNode$1.execute(ObjectNode.java:107)
	at com.intellij.openapi.util.objectTree.ObjectTree.executeActionWithRecursiveGuard(ObjectTree.java:167)
	at com.intellij.openapi.util.objectTree.ObjectNode.execute(ObjectNode.java:107)
	at com.intellij.openapi.util.objectTree.ObjectNode$1.execute(ObjectNode.java:126)
	at com.intellij.openapi.util.objectTree.ObjectNode$1.execute(ObjectNode.java:107)
	at com.intellij.openapi.util.objectTree.ObjectTree.executeActionWithRecursiveGuard(ObjectTree.java:167)
	at com.intellij.openapi.util.objectTree.ObjectNode.execute(ObjectNode.java:107)
	at com.intellij.openapi.util.objectTree.ObjectTree.executeAll(ObjectTree.java:142)
	at com.intellij.openapi.util.Disposer.dispose(Disposer.java:129)
	at com.intellij.openapi.util.Disposer.dispose(Disposer.java:125)
	at com.intellij.openapi.application.impl.ApplicationImpl.lambda$disposeSelf$7(ApplicationImpl.java:254)
	at com.intellij.openapi.application.impl.ApplicationImpl.runWriteAction(ApplicationImpl.java:1003)
	at com.intellij.openapi.application.impl.ApplicationImpl.disposeSelf(ApplicationImpl.java:254)
	... 36 more
2018-05-15 00:23:29,460 [21903440]  ERROR - api.util.objectTree.ObjectTree - IntelliJ IDEA 2017.3.4  Build #IC-173.4548.28 
2018-05-15 00:23:29,460 [21903440]  ERROR - api.util.objectTree.ObjectTree - JDK: 1.8.0_152-release 
2018-05-15 00:23:29,460 [21903440]  ERROR - api.util.objectTree.ObjectTree - VM: OpenJDK 64-Bit Server VM 
2018-05-15 00:23:29,460 [21903440]  ERROR - api.util.objectTree.ObjectTree - Vendor: JetBrains s.r.o 
2018-05-15 00:23:29,460 [21903440]  ERROR - api.util.objectTree.ObjectTree - OS: Mac OS X 
2018-05-15 00:23:29,460 [21903440]   INFO -        #com.intellij.idea.Main - ------------------------------------------------------ IDE SHUTDOWN ------------------------------------------------------ 
2018-05-15 00:23:29,461 [21903441]   INFO - org.jetbrains.io.BuiltInServer - web server stopped 
